[2024-11-07 16:09:13] [DEBUG] [raydium_cpmm] Raw CPMM Pool Data: {
  "type": "Buffer",
  "data": [
    247,
    237,
    227,
    245,
    215,
    195,
    222,
    70,
    179,
    33,
    63,
    186,
    139,
    249,
    200,
    127,
    169,
    30,
    71,
    129,
    150,
    40,
    195,
    131,
    224,
    11,
    234,
    126,
    152,
    199,
    160,
    62,
    3,
    186,
    16,
    105,
    207,
    195,
    246,
    243,
    159,
    235,
    172,
    141,
    60,
    149,
    242,
    39,
    167,
    243,
    102,
    9,
    36,
    111,
    134,
    71,
    94,
    114,
    112,
    123,
    48,
    136,
    118,
    75,
    133,
    220,
    24,
    181,
    235,
    114,
    129,
    76,
    172,
    161,
    209,
    97,
    158,
    51,
    184,
    116,
    50,
    192,
    71,
    94,
    104,
    55,
    145,
    76,
    109,
    192,
    170,
    11,
    101,
    134,
    72,
    253,
    145,
    176,
    66,
    127,
    71,
    230,
    69,
    132,
    5,
    230,
    94,
    153,
    23,
    63,
    135,
    195,
    92,
    54,
    26,
    48,
    215,
    143,
    119,
    246,
    13,
    189,
    231,
    34,
    46,
    239,
    165,
    171,
    174,
    174,
    76,
    153,
    98,
    237,
    155,
    216,
    150,
    148,
    9,
    197,
    242,
    199,
    19,
    168,
    222,
    121,
    238,
    51,
    204,
    17,
    247,
    253,
    18,
    40,
    165,
    223,
    52,
    159,
    158,
    103,
    23,
    245,
    40,
    53,
    195,
    93,
    30,
    214,
    77,
    164,
    170,
    36,
    52,
    167,
    232,
    1,
    231,
    38,
    94,
    131,
    106,
    159,
    222,
    203,
    3,
    89,
    24,
    215,
    202,
    9,
    8,
    79,
    65,
    231,
    232,
    95,
    44,
    168,
    146,
    142,
    79,
    34,
    210,
    240,
    244,
    237,
    159,
    47,
    127,
    82,
    52,
    57,
    11,
    10,
    234,
    119,
    71,
    73,
    22,
    247,
    70,
    183,
    186,
    139,
    255,
    92,
    92,
    176,
    246,
    186,
    16,
    20,
    6,
    221,
    246,
    225,
    215,
    101,
    161,
    147,
    217,
    203,
    225,
    70,
    206,
    235,
    121,
    172,
    28,
    180,
    133,
    237,
    95,
    91,
    55,
    145,
    58,
    140,
    245,
    133,
    126,
    255,
    0,
    169,
    6,
    221,
    246,
    225,
    215,
    101,
    161,
    147,
    217,
    203,
    225,
    70,
    206,
    235,
    121,
    172,
    28,
    180,
    133,
    237,
    95,
    91,
    55,
    145,
    58,
    140,
    245,
    133,
    126,
    255,
    0,
    169,
    250,
    45,
    96,
    181,
    146,
    158,
    147,
    85,
    169,
    205,
    21,
    9,
    116,
    42,
    126,
    73,
    155,
    158,
    143,
    209,
    106,
    179,
    139,
    47,
    88,
    187,
    120,
    170,
    75,
    196,
    185,
    19,
    253,
    0,
    9,
    8,
    8,
    190,
    222,
    2,
    141,
    155,
    180,
    33,
    0,
    113,
    53,
    38,
    108,
    106,
    20,
    0,
    0,
    44,
    205,
    117,
    147,
    204,
    168,
    2,
    0,
    85,
    188,
    12,
    36,
    206,
    6,
    0,
    0,
    32,
    169,
    206,
    219,
    238,
    226,
    0,
    0,
    251,
    151,
    20,
    103,
    0,
    0,
    0,
    0,
    182,
    2,
    0,
    0,
    0,
    0,
    0,
    0,
    0,
    0,
    0,
    0,
    0,
    0,
    0,
    0,
    0,
    0,
    0,
    0,
    0,
    0,
    0,
    0,
    0,
    0,
    0,
    0,
    0,
    0,
    0,
    0,
    0,
    0,
    0,
    0,
    0,
    0,
    0,
    0,
    0,
    0,
    0,
    0,
    0,
    0,
    0,
    0,
    0,
    0,
    0,
    0,
    0,
    0,
    0,
    0,
    0,
    0,
    0,
    0,
    0,
    0,
    0,
    0,
    0,
    0,
    0,
    0,
    0,
    0,
    0,
    0,
    0,
    0,
    0,
    0,
    0,
    0,
    0,
    0,
    0,
    0,
    0,
    0,
    0,
    0,
    0,
    0,
    0,
    0,
    0,
    0,
    0,
    0,
    0,
    0,
    0,
    0,
    0,
    0,
    0,
    0,
    0,
    0,
    0,
    0,
    0,
    0,
    0,
    0,
    0,
    0,
    0,
    0,
    0,
    0,
    0,
    0,
    0,
    0,
    0,
    0,
    0,
    0,
    0,
    0,
    0,
    0,
    0,
    0,
    0,
    0,
    0,
    0,
    0,
    0,
    0,
    0,
    0,
    0,
    0,
    0,
    0,
    0,
    0,
    0,
    0,
    0,
    0,
    0,
    0,
    0,
    0,
    0,
    0,
    0,
    0,
    0,
    0,
    0,
    0,
    0,
    0,
    0,
    0,
    0,
    0,
    0,
    0,
    0,
    0,
    0,
    0,
    0,
    0,
    0,
    0,
    0,
    0,
    0,
    0,
    0,
    0,
    0,
    0,
    0,
    0,
    0,
    0,
    0,
    0,
    0,
    0,
    0,
    0,
    0,
    0,
    0,
    0,
    0,
    0,
    0,
    0,
    0,
    0,
    0,
    0,
    0,
    0,
    0,
    0,
    0,
    0,
    0,
    0,
    0,
    0,
    0,
    0,
    0,
    0,
    0,
    0,
    0,
    0,
    0,
    0,
    0,
    0,
    0,
    0,
    0,
    0,
    0,
    0,
    0,
    0,
    0,
    0,
    0,
    0,
    0,
    0,
    0,
    0,
    0,
    0,
    0,
    0,
    0,
    0,
    0,
    0,
    0,
    0,
    0
  ]
}
[2024-11-07 16:09:13] [DEBUG] [raydium_cpmm] Deserialized CPMM Pool Info: {
  "configId": "D4FPEruKEHrG5TenZ2mpDGEfu1iUvTiqBxvpU8HLBvC2",
  "poolCreator": "BmGFofXhasqEVFYWhGW7BgqhB9ut6y5n67HdQxxdGb6j",
  "vaultA": "CctEis3SBVbMeLvTjWu7rBLW9qJFzn6vPcgZAjSgQPk7",
  "vaultB": "Q2n9kWiu8iVQiX6jDJisgxMhYQdCvnKkZSkEHeymGD5",
  "mintLp": "B8o5fPjiuvgGuvDwxFCsCwXDoUw9xXVsjw5dS8Gh5LZj",
  "mintA": "6E62LCQ2NHkebPf1KXA3vrKfNGTndYAaV8pxUEy4vcLV",
  "mintB": "6Kv1PKiDZWE493rojS5KknobtFNANH5gBz71uMYWQW6P",
  "mintProgramA": "TokenkegQfeZyiNwAJbNbGKPFXCWuBvf9Ss623VQ5DA",
  "mintProgramB": "TokenkegQfeZyiNwAJbNbGKPFXCWuBvf9Ss623VQ5DA",
  "observationId": "Hqb4HydqUQgGNhYA1SXr3mVzuP6M26Gtr2SRCrMbbh8n",
  "bump": 253,
  "status": 0,
  "lpDecimals": 9,
  "mintDecimalA": 8,
  "mintDecimalB": 8,
  "lpAmount": "21b49b8d02debe",
  "protocolFeesMintA": "146a6c263571",
  "protocolFeesMintB": "02a8cc9375cd2c",
  "fundFeesMintA": "06ce240cbc55",
  "fundFeesMintB": "e2eedbcea920",
  "openTime": "671497fb",
  "additionalData": [
    "02b6",
    "00",
    "00",
    "00",
    "00",
    "00",
    "00",
    "00",
    "00",
    "00",
    "00",
    "00",
    "00",
    "00",
    "00",
    "00",
    "00",
    "00",
    "00",
    "00",
    "00",
    "00",
    "00",
    "00",
    "00",
    "00",
    "00",
    "00",
    "00",
    "00",
    "00",
    "00"
  ]
}
[2024-11-07 16:09:13] [DEBUG] [raydium_cpmm] Readable CPMM Pool Info: {
  "configId": "D4FPEruKEHrG5TenZ2mpDGEfu1iUvTiqBxvpU8HLBvC2",
  "poolCreator": "BmGFofXhasqEVFYWhGW7BgqhB9ut6y5n67HdQxxdGb6j",
  "vaultA": "CctEis3SBVbMeLvTjWu7rBLW9qJFzn6vPcgZAjSgQPk7",
  "vaultB": "Q2n9kWiu8iVQiX6jDJisgxMhYQdCvnKkZSkEHeymGD5",
  "mintLp": "B8o5fPjiuvgGuvDwxFCsCwXDoUw9xXVsjw5dS8Gh5LZj",
  "mintA": "6E62LCQ2NHkebPf1KXA3vrKfNGTndYAaV8pxUEy4vcLV",
  "mintB": "6Kv1PKiDZWE493rojS5KknobtFNANH5gBz71uMYWQW6P",
  "mintProgramA": "TokenkegQfeZyiNwAJbNbGKPFXCWuBvf9Ss623VQ5DA",
  "mintProgramB": "TokenkegQfeZyiNwAJbNbGKPFXCWuBvf9Ss623VQ5DA",
  "observationId": "Hqb4HydqUQgGNhYA1SXr3mVzuP6M26Gtr2SRCrMbbh8n",
  "bump": 253,
  "status": 0,
  "lpDecimals": 9,
  "mintDecimalA": 8,
  "mintDecimalB": 8,
  "lpAmount": "9487254410157758",
  "protocolFeesMintA": "22447313532273",
  "protocolFeesMintB": "748546554187052",
  "fundFeesMintA": "7482437844053",
  "fundFeesMintB": "249515517847840",
  "openTime": "1729402875",
  "additionalData": [
    "694",
    "0",
    "0",
    "0",
    "0",
    "0",
    "0",
    "0",
    "0",
    "0",
    "0",
    "0",
    "0",
    "0",
    "0",
    "0",
    "0",
    "0",
    "0",
    "0",
    "0",
    "0",
    "0",
    "0",
    "0",
    "0",
    "0",
    "0",
    "0",
    "0",
    "0",
    "0"
  ]
}
[2024-11-07 16:09:13] [DEBUG] [raydium_cpmm] Raw CPMM Config Data: {
  "type": "Buffer",
  "data": [
    218,
    244,
    33,
    104,
    203,
    203,
    43,
    111,
    255,
    0,
    0,
    0,
    196,
    9,
    0,
    0,
    0,
    0,
    0,
    0,
    192,
    212,
    1,
    0,
    0,
    0,
    0,
    0,
    64,
    156,
    0,
    0,
    0,
    0,
    0,
    0,
    128,
    209,
    240,
    8,
    0,
    0,
    0,
    0,
    5,
    219,
    21,
    58,
    15,
    244,
    135,
    246,
    156,
    222,
    137,
    0,
    31,
    236,
    76,
    70,
    149,
    182,
    212,
    33,
    94,
    162,
    68,
    184,
    123,
    212,
    235,
    114,
    135,
    248,
    87,
    168,
    215,
    6,
    74,
    56,
    246,
    209,
    123,
    17,
    62,
    95,
    102,
    220,
    251,
    99,
    184,
    115,
    127,
    252,
    226,
    100,
    74,
    191,
    10,
    0,
    185,
    139,
    52,
    53,
    109,
    99,
    133,
    131,
    0,
    0,
    0,
    0,
    0,
    0,
    0,
    0,
    0,
    0,
    0,
    0,
    0,
    0,
    0,
    0,
    0,
    0,
    0,
    0,
    0,
    0,
    0,
    0,
    0,
    0,
    0,
    0,
    0,
    0,
    0,
    0,
    0,
    0,
    0,
    0,
    0,
    0,
    0,
    0,
    0,
    0,
    0,
    0,
    0,
    0,
    0,
    0,
    0,
    0,
    0,
    0,
    0,
    0,
    0,
    0,
    0,
    0,
    0,
    0,
    0,
    0,
    0,
    0,
    0,
    0,
    0,
    0,
    0,
    0,
    0,
    0,
    0,
    0,
    0,
    0,
    0,
    0,
    0,
    0,
    0,
    0,
    0,
    0,
    0,
    0,
    0,
    0,
    0,
    0,
    0,
    0,
    0,
    0,
    0,
    0,
    0,
    0,
    0,
    0,
    0,
    0,
    0,
    0,
    0,
    0,
    0,
    0,
    0,
    0,
    0,
    0,
    0,
    0,
    0,
    0,
    0,
    0,
    0,
    0,
    0,
    0,
    0,
    0,
    0,
    0,
    0,
    0
  ]
}
[2024-11-07 16:09:13] [DEBUG] [raydium_cpmm] Deserialized CPMM Config Info: {
  "bump": 255,
  "disableCreatePool": false,
  "index": 0,
  "tradeFeeRate": "09c4",
  "protocolFeeRate": "01d4c0",
  "fundFeeRate": "9c40",
  "createPoolFee": "08f0d180",
  "protocolOwner": "ProCXqRcXJjoUd1RNoo28bSizAA6EEqt9wURZYPDc5u",
  "fundOwner": "FUNDduJTA7XcckKHKfAoEnnhuSud2JUCUZv6opWEjrBU",
  "additionalFees": [
    "00",
    "00",
    "00",
    "00",
    "00",
    "00",
    "00",
    "00",
    "00",
    "00",
    "00",
    "00",
    "00",
    "00",
    "00",
    "00"
  ]
}
[2024-11-07 16:09:13] [DEBUG] [raydium_cpmm] Readable CPMM Config Info: {
  "bump": 255,
  "disableCreatePool": false,
  "index": 0,
  "tradeFeeRate": "2500",
  "protocolFeeRate": "120000",
  "fundFeeRate": "40000",
  "createPoolFee": "150000000",
  "protocolOwner": "ProCXqRcXJjoUd1RNoo28bSizAA6EEqt9wURZYPDc5u",
  "fundOwner": "FUNDduJTA7XcckKHKfAoEnnhuSud2JUCUZv6opWEjrBU",
  "additionalFees": [
    "0",
    "0",
    "0",
    "0",
    "0",
    "0",
    "0",
    "0",
    "0",
    "0",
    "0",
    "0",
    "0",
    "0",
    "0",
    "0"
  ]
}
[2024-11-07 16:09:13] [DEBUG] [raydium_cpmm] Preparing CPMM Pool Data for WebSocket: {
  "configId": "D4FPEruKEHrG5TenZ2mpDGEfu1iUvTiqBxvpU8HLBvC2",
  "poolCreator": "BmGFofXhasqEVFYWhGW7BgqhB9ut6y5n67HdQxxdGb6j",
  "vaultA": "CctEis3SBVbMeLvTjWu7rBLW9qJFzn6vPcgZAjSgQPk7",
  "vaultB": "Q2n9kWiu8iVQiX6jDJisgxMhYQdCvnKkZSkEHeymGD5",
  "mintLp": "B8o5fPjiuvgGuvDwxFCsCwXDoUw9xXVsjw5dS8Gh5LZj",
  "mintA": "6E62LCQ2NHkebPf1KXA3vrKfNGTndYAaV8pxUEy4vcLV",
  "mintB": "6Kv1PKiDZWE493rojS5KknobtFNANH5gBz71uMYWQW6P",
  "mintProgramA": "TokenkegQfeZyiNwAJbNbGKPFXCWuBvf9Ss623VQ5DA",
  "mintProgramB": "TokenkegQfeZyiNwAJbNbGKPFXCWuBvf9Ss623VQ5DA",
  "observationId": "Hqb4HydqUQgGNhYA1SXr3mVzuP6M26Gtr2SRCrMbbh8n",
  "bump": 253,
  "status": 0,
  "lpDecimals": 9,
  "mintDecimalA": 8,
  "mintDecimalB": 8,
  "lpAmount": "9487254410157758",
  "protocolFeesMintA": "22447313532273",
  "protocolFeesMintB": "748546554187052",
  "fundFeesMintA": "7482437844053",
  "fundFeesMintB": "249515517847840",
  "openTime": "1729402875",
  "additionalData": [
    "694",
    "0",
    "0",
    "0",
    "0",
    "0",
    "0",
    "0",
    "0",
    "0",
    "0",
    "0",
    "0",
    "0",
    "0",
    "0",
    "0",
    "0",
    "0",
    "0",
    "0",
    "0",
    "0",
    "0",
    "0",
    "0",
    "0",
    "0",
    "0",
    "0",
    "0",
    "0"
  ]
}
