[2024-11-07 16:13:08] [DEBUG] [raydium_clmm] {
  "owner": "CAMMCzo5YL8w4VFF8KVHrK22GGUsp5VTaW7grrKgrWqK",
  "pool": {
    "bump": 254,
    "ammConfig": "A1BBtTYJd4i3xU8D6Tc2FzU6ZN4oXZWXKZnCxwbHXr8x",
    "creator": "Hu5wqo6VCLNL2ivmU2XBEpSLxVNfHqTELej68ooJvDyY",
    "mintA": "So11111111111111111111111111111111111111112",
    "mintB": "HRw8mqK8N3ASKFKJGMJpy4FodwR3GKvCFKPDQNqUNuEP",
    "vaultA": "tx59untc8LXBuaX4n2fcG7XCWtNMWZDDYEfSP6BFTwo",
    "vaultB": "CgUFmZZeCEi63gS6WNatHMLNCxFSpTcCygFhY7JjpGge",
    "observationId": "6Ja1B5viULSVWdEqpjMkGxkmBqBChtvsMrgRZuc1ce6t",
    "mintDecimalsA": 9,
    "mintDecimalsB": 9,
    "tickSpacing": 120,
    "liquidity": "616221282868187",
    "sqrtPriceX64": "14291387114893983148216",
    "tickCurrent": 133057,
    "feeProtocol": 0,
    "feeGrowthGlobalX64A": "38848881351376772",
    "feeGrowthGlobalX64B": "7930098633726591675569",
    "protocolFeesTokenA": "12419642",
    "protocolFeesTokenB": "21409998347738",
    "swapInAmountTokenA": "3593597904675584",
    "swapOutAmountTokenB": "54176103914061150116",
    "swapInAmountTokenB": "54582865238138370880",
    "swapOutAmountTokenA": "3558434864239678",
    "status": 0,
    "rewardInfos": [
      {
        "rewardVault": "11111111111111111111111111111111",
        "rewardMint": "11111111111111111111111111111111",
        "emissionsPerSecondX64": "0",
        "growthGlobalX64": "0",
        "accumulator": "0",
        "lastUpdatedTimestamp": "0",
        "startTimestamp": "0",
        "endTimestamp": "14191350309083872000"
      },
      {
        "rewardVault": "5gvEawarbYg4sfC2YD3A7mAYLa3t5aAsM4KdEVYDd37V",
        "rewardMint": "11111111111111111111111111111111",
        "emissionsPerSecondX64": "0",
        "growthGlobalX64": "0",
        "accumulator": "0",
        "lastUpdatedTimestamp": "0",
        "startTimestamp": "0",
        "endTimestamp": "0"
      },
      {
        "rewardVault": "11111111111111111111111111111111",
        "rewardMint": "11sJtEG3HYeExS8Ng7MKmKjEFpy2viC9t1z4oNQRKsL",
        "emissionsPerSecondX64": "38659",
        "growthGlobalX64": "0",
        "accumulator": "0",
        "lastUpdatedTimestamp": "0",
        "startTimestamp": "0",
        "endTimestamp": "0"
      }
    ],
    "tickArrayBitmap": [
      "0",
      "0",
      "0",
      "0",
      "0",
      "0",
      "0",
      "0",
      "0",
      "14837891906171568128",
      "10987205942961358065",
      "15384784955309163313",
      "1343685852352593997",
      "9896767",
      "0",
      "0"
    ],
    "totalFeesTokenA": "0",
    "totalFeesClaimedTokenA": "0",
    "totalFeesTokenB": "0",
    "totalFeesClaimedTokenB": "0",
    "fundFeesTokenA": "0",
    "fundFeesTokenB": "0",
    "startTime": "576460752303423488"
  }
}
[2024-11-07 16:15:21] [DEBUG] [raydium_clmm] {
  "owner": "CAMMCzo5YL8w4VFF8KVHrK22GGUsp5VTaW7grrKgrWqK",
  "pool": {
    "bump": 255,
    "ammConfig": "Gex2NJRS3jVLPfbzSFM5d5DRsNoL5ynnwT1TXoDEhanz",
    "creator": "EYbTiUaFT3DqUhbWR1y4QrQuNWmqDGkxh6wWH3dFLKTt",
    "mintA": "So11111111111111111111111111111111111111112",
    "mintB": "2qEHjDLDLbuBgRYvsxhc5D6uDWAivNFZGan56P1tpump",
    "vaultA": "9CU5TBpdmAubgASPi3bSX6jWw2jmefdAviW74KWCTWje",
    "vaultB": "FvyKL4BGMVnaDYdawYE35U76w1NYUTqFP4ts2uDvW1dr",
    "observationId": "2k7eAJthfqAzVnNYGdSMMkE7tEBCtvtDG3iJmvMyCMq6",
    "mintDecimalsA": 9,
    "mintDecimalsB": 6,
    "tickSpacing": 120,
    "liquidity": "45016147551393",
    "sqrtPriceX64": "21750865213332140395",
    "tickCurrent": 3295,
    "feeProtocol": 0,
    "feeGrowthGlobalX64A": "7698318163628434265",
    "feeGrowthGlobalX64B": "68798857519720504136",
    "protocolFeesTokenA": "1137797920",
    "protocolFeesTokenB": "3551640",
    "swapInAmountTokenA": "291774359741158",
    "swapOutAmountTokenB": "696861607546230",
    "swapInAmountTokenB": "698567029926524",
    "swapOutAmountTokenA": "281868772993506",
    "status": 0,
    "rewardInfos": [
      {
        "rewardVault": "11111111111111111111111111111111",
        "rewardMint": "11111111111111111111111111111111",
        "emissionsPerSecondX64": "0",
        "growthGlobalX64": "0",
        "accumulator": "0",
        "lastUpdatedTimestamp": "0",
        "startTimestamp": "0",
        "endTimestamp": "3555549423855454464"
      },
      {
        "rewardVault": "FLU8yseeA3Q1Emspq67EqfGC4wPTh5Mz2MHLcP7CeKUb",
        "rewardMint": "11111111111111111111111111111111",
        "emissionsPerSecondX64": "0",
        "growthGlobalX64": "0",
        "accumulator": "0",
        "lastUpdatedTimestamp": "0",
        "startTimestamp": "0",
        "endTimestamp": "0"
      },
      {
        "rewardVault": "11111111111111111111111111111111",
        "rewardMint": "11hKrGxUA3ugedmQVBUBsvf3HZAYhG9MfMACs6ptcWk",
        "emissionsPerSecondX64": "30710",
        "growthGlobalX64": "0",
        "accumulator": "0",
        "lastUpdatedTimestamp": "0",
        "startTimestamp": "0",
        "endTimestamp": "0"
      }
    ],
    "tickArrayBitmap": [
      "0",
      "0",
      "0",
      "0",
      "0",
      "0",
      "0",
      "0",
      "0",
      "15662646765717291008",
      "5139803812861915479",
      "9630728823014702153",
      "5748967439769043928",
      "7861937",
      "0",
      "0"
    ],
    "totalFeesTokenA": "0",
    "totalFeesClaimedTokenA": "0",
    "totalFeesTokenB": "0",
    "totalFeesClaimedTokenB": "0",
    "fundFeesTokenA": "0",
    "fundFeesTokenB": "0",
    "startTime": "577023702256844800"
  }
}
[2024-11-07 16:19:22] [DEBUG] [raydium_clmm] {
  "owner": "CAMMCzo5YL8w4VFF8KVHrK22GGUsp5VTaW7grrKgrWqK",
  "pool": {
    "bump": 255,
    "ammConfig": "Gex2NJRS3jVLPfbzSFM5d5DRsNoL5ynnwT1TXoDEhanz",
    "creator": "EYbTiUaFT3DqUhbWR1y4QrQuNWmqDGkxh6wWH3dFLKTt",
    "mintA": "So11111111111111111111111111111111111111112",
    "mintB": "2qEHjDLDLbuBgRYvsxhc5D6uDWAivNFZGan56P1tpump",
    "vaultA": "9CU5TBpdmAubgASPi3bSX6jWw2jmefdAviW74KWCTWje",
    "vaultB": "FvyKL4BGMVnaDYdawYE35U76w1NYUTqFP4ts2uDvW1dr",
    "observationId": "2k7eAJthfqAzVnNYGdSMMkE7tEBCtvtDG3iJmvMyCMq6",
    "mintDecimalsA": 9,
    "mintDecimalsB": 6,
    "tickSpacing": 120,
    "liquidity": "44999553582733",
    "sqrtPriceX64": "21755684176963660483",
    "tickCurrent": 3299,
    "feeProtocol": 0,
    "feeGrowthGlobalX64A": "7698318163628434265",
    "feeGrowthGlobalX64B": "68798940130525615908",
    "protocolFeesTokenA": "1137797920",
    "protocolFeesTokenB": "32351640",
    "swapInAmountTokenA": "291774359741158",
    "swapOutAmountTokenB": "696861607546230",
    "swapInAmountTokenB": "698579029926524",
    "swapOutAmountTokenA": "281877229626514",
    "status": 0,
    "rewardInfos": [
      {
        "rewardVault": "11111111111111111111111111111111",
        "rewardMint": "11111111111111111111111111111111",
        "emissionsPerSecondX64": "0",
        "growthGlobalX64": "0",
        "accumulator": "0",
        "lastUpdatedTimestamp": "0",
        "startTimestamp": "0",
        "endTimestamp": "3555549423855454464"
      },
      {
        "rewardVault": "FLU8yseeA3Q1Emspq67EqfGC4wPTh5Mz2MHLcP7CeKUb",
        "rewardMint": "11111111111111111111111111111111",
        "emissionsPerSecondX64": "0",
        "growthGlobalX64": "0",
        "accumulator": "0",
        "lastUpdatedTimestamp": "0",
        "startTimestamp": "0",
        "endTimestamp": "0"
      },
      {
        "rewardVault": "11111111111111111111111111111111",
        "rewardMint": "11hKrGxUA3ugedmQVBUBsvf3HZAYhG9MfMACs6ptcWk",
        "emissionsPerSecondX64": "30710",
        "growthGlobalX64": "0",
        "accumulator": "0",
        "lastUpdatedTimestamp": "0",
        "startTimestamp": "0",
        "endTimestamp": "0"
      }
    ],
    "tickArrayBitmap": [
      "0",
      "0",
      "0",
      "0",
      "0",
      "0",
      "0",
      "0",
      "0",
      "15662646765717291008",
      "5139803812861915479",
      "9630728823014702153",
      "5748967439769043928",
      "7861937",
      "0",
      "0"
    ],
    "totalFeesTokenA": "0",
    "totalFeesClaimedTokenA": "0",
    "totalFeesTokenB": "0",
    "totalFeesClaimedTokenB": "0",
    "fundFeesTokenA": "0",
    "fundFeesTokenB": "0",
    "startTime": "577023702256844800"
  }
}
[2024-11-07 16:21:50] [DEBUG] [raydium_clmm] {
  "owner": "CAMMCzo5YL8w4VFF8KVHrK22GGUsp5VTaW7grrKgrWqK",
  "pool": {
    "bump": 255,
    "ammConfig": "Gex2NJRS3jVLPfbzSFM5d5DRsNoL5ynnwT1TXoDEhanz",
    "creator": "EYbTiUaFT3DqUhbWR1y4QrQuNWmqDGkxh6wWH3dFLKTt",
    "mintA": "So11111111111111111111111111111111111111112",
    "mintB": "2qEHjDLDLbuBgRYvsxhc5D6uDWAivNFZGan56P1tpump",
    "vaultA": "9CU5TBpdmAubgASPi3bSX6jWw2jmefdAviW74KWCTWje",
    "vaultB": "FvyKL4BGMVnaDYdawYE35U76w1NYUTqFP4ts2uDvW1dr",
    "observationId": "2k7eAJthfqAzVnNYGdSMMkE7tEBCtvtDG3iJmvMyCMq6",
    "mintDecimalsA": 9,
    "mintDecimalsB": 6,
    "tickSpacing": 120,
    "liquidity": "44998850404191",
    "sqrtPriceX64": "21755684176963660483",
    "tickCurrent": 3299,
    "feeProtocol": 0,
    "feeGrowthGlobalX64A": "7698318163628434265",
    "feeGrowthGlobalX64B": "68798940130525615908",
    "protocolFeesTokenA": "0",
    "protocolFeesTokenB": "0",
    "swapInAmountTokenA": "291774359741158",
    "swapOutAmountTokenB": "696861607546230",
    "swapInAmountTokenB": "698579029926524",
    "swapOutAmountTokenA": "281877229626514",
    "status": 0,
    "rewardInfos": [
      {
        "rewardVault": "11111111111111111111111111111111",
        "rewardMint": "11111111111111111111111111111111",
        "emissionsPerSecondX64": "0",
        "growthGlobalX64": "0",
        "accumulator": "0",
        "lastUpdatedTimestamp": "0",
        "startTimestamp": "0",
        "endTimestamp": "3555549423855454464"
      },
      {
        "rewardVault": "FLU8yseeA3Q1Emspq67EqfGC4wPTh5Mz2MHLcP7CeKUb",
        "rewardMint": "11111111111111111111111111111111",
        "emissionsPerSecondX64": "0",
        "growthGlobalX64": "0",
        "accumulator": "0",
        "lastUpdatedTimestamp": "0",
        "startTimestamp": "0",
        "endTimestamp": "0"
      },
      {
        "rewardVault": "11111111111111111111111111111111",
        "rewardMint": "11hKrGxUA3ugedmQVBUBsvf3HZAYhG9MfMACs6ptcWk",
        "emissionsPerSecondX64": "30710",
        "growthGlobalX64": "0",
        "accumulator": "0",
        "lastUpdatedTimestamp": "0",
        "startTimestamp": "0",
        "endTimestamp": "0"
      }
    ],
    "tickArrayBitmap": [
      "0",
      "0",
      "0",
      "0",
      "0",
      "0",
      "0",
      "0",
      "0",
      "15662646765717291008",
      "5139803812861915479",
      "9630728823014702153",
      "5748967439769043928",
      "7861937",
      "0",
      "0"
    ],
    "totalFeesTokenA": "0",
    "totalFeesClaimedTokenA": "0",
    "totalFeesTokenB": "0",
    "totalFeesClaimedTokenB": "0",
    "fundFeesTokenA": "0",
    "fundFeesTokenB": "0",
    "startTime": "577023702256844800"
  }
}
