{"timestamp":"2024-12-09T15:49:34.061Z","signature":"4uii9E7GMePGntQQ4Pjb6tLB2wHe5ppSGSby5knrsJ3Xdm7KstmToxxAXWgj1bLwMDgrtNBR8SBF3pACpMttPxFV","events":{"add":"Helius"},"provider":"Helius"}
{"timestamp":"2024-12-09T15:49:34.067Z","signature":"5Fw5ZbZgni6DaA8oNPoBFThJTKs9SeGUJDk5kiJQRxPL3Eh5bm3e9THANAmsbXKuxtvQuBSQxA1d4ZNe5y2A19D4","events":{"withdraw":"Quicknode"},"provider":"Quicknode"}
{"timestamp":"2024-12-09T15:49:34.071Z","signature":"4CyGHDuxCUb8EH92NpD21H4GAdNwjWmzivTKLg37B7J6Zy2KTuGxzTpxukRjCEpnY81Uy8te6Fw4wvDjSZWo19LZ","events":{"withdraw":"Quicknode"},"provider":"Quicknode"}
{"timestamp":"2024-12-09T15:49:34.082Z","signature":"4mc1ndNCWxaUxdakAx46TQCXsw3yDDuXRFefShhMxNQNCCvNr45WAtT9N3KANz1gHZvtgRwSVBQb4ryPn8Lw6Hx5","events":{"add":"Quicknode"},"provider":"Quicknode"}
{"timestamp":"2024-12-09T15:54:34.068Z","signature":"2Xbngwq6UALtCU3xV7kr9rGyC8pG9w9vCJzC74wHXyctYFPHHyWyciJYEAtr4v7qkLFimKQc7SjL49LRCZbUyQf8","events":{"withdraw":"Quicknode"},"provider":"Quicknode"}
{"timestamp":"2024-12-09T15:54:34.073Z","signature":"2Lgo887Q1ao56nfvsJtyYKKgiVksh59yjq2XHV1EykbJpGUjX9GNMaWxvvhynbsvQWEQaPrHqKJ3dZzy3eBQEtNa","events":{"add":"Helius"},"provider":"Helius"}
{"timestamp":"2024-12-09T15:54:34.077Z","signature":"3ygNmSB31sGx2gHSAwZZtaUpDidWFFrU1Z5wKw6Q6bdt3yKeJ8miWgrqbjANL1eRzrH2hsTveXa41N3q4LhpWwjo","events":{"withdraw":"Helius"},"provider":"Helius"}
{"timestamp":"2024-12-09T15:54:34.082Z","signature":"57T2QX7PxQLn7qMephRK3otWqz4jwbfHqhrsj8bzJ55bUMS9rodMPD3PhVhjrVS3MBMnkZ8bxNKa4SVveF862asq","events":{"add":"Quicknode"},"provider":"Quicknode"}
{"timestamp":"2024-12-09T15:54:34.085Z","signature":"4jEJNDZidZtVapMrWj93RDGynjUe3VUWaNCLbdRSkydhmAsE2D14d7eTteApWNqpXLiDBbAsj7Fx4kcgrELAzCFq","events":{"withdraw":"Quicknode"},"provider":"Quicknode"}
{"timestamp":"2024-12-09T15:54:34.090Z","signature":"35HTxAntuo4hs7g65bMtWMN9PqtRCrgZ68nJapSUxZpx6ozzTFq44FRE3cnsrpNZsbKZMtQR6Zrt3GB24KKaVSg1","events":{"add":"Helius"},"provider":"Helius"}
{"timestamp":"2024-12-09T15:54:34.093Z","signature":"3FNSzPbJNCaeE25k8CtVri1ddtZZJco5pPNfrg98NmfA9LrECxEHgZjrCT7N8JgGfT4mLqRnSTe6EZZAikv3GyBH","events":{"add":"Helius"},"provider":"Helius"}
{"timestamp":"2024-12-09T15:56:37.533Z","signature":"4dojo4w1rGNym2DX6MyEQ4wXUNcoR877E4BRfQPbPJFzKuaY5SY67ZfUitzVoKZzS9hir87xVLAUD4PehJaw3wDd","events":{"withdraw":"Helius"},"provider":"Helius"}
{"timestamp":"2024-12-09T16:48:32.478Z","signature":"53PCKGh4vxZWkeXgmJZvaMvQ5XQbeBvjgThuPTiSv3r9oVfyPKKaPkktU33CrSADaiVwgXZFgMTRwkeHuWoz9LxH","events":{"add":"Helius"},"provider":"Helius"}
{"timestamp":"2024-12-09T16:48:32.483Z","signature":"mJEanp36dGgBzahpXnjbobhgj3wzVEkhhueyxpwqiYAXq9Fz5NbUuyNfr6tyBqtSf3B1ifD447YAPvDHFgrSUe9","events":{"withdraw":"Helius"},"provider":"Helius"}
{"timestamp":"2024-12-09T16:48:32.487Z","signature":"5T6xSeRR3gtHhRNjpW7jmXF86CbxdvMQ1BkYTiw4ozTJTnDK5pwJyzW24Q5JLTVE4FZx9T9fsomazY76VYHZpjEJ","events":{"withdraw":"Helius"},"provider":"Helius"}
{"timestamp":"2024-12-09T16:48:32.491Z","signature":"5c4XoDoQKUfwp2GteWXPj6n1BsEpjGyW9cLvJPxuFHxZfDRPPMpFgoX9Z4To44tDi4Lp7augroRjAv5TX1hoBG3B","events":{"add":"Helius"},"provider":"Helius"}
{"timestamp":"2024-12-09T16:48:32.493Z","signature":"Ta8eb4UCeK1hrCSwSLwehMXiRy5ZVJ6JG8LX9xjr3me57sqSu6Zk2LcreRbuRL45wvWbAJiTfsXxidTZzcXLTLX","events":{"add":"Helius"},"provider":"Helius"}
{"timestamp":"2024-12-09T16:53:32.482Z","signature":"28UWLHHzvBLgD1DUDEXwzDGRr4vTWicbDpG2DovgZFcJz1HoJqTn7ZVCKAs7kqDA1GtQKnyXp1Xf64RiLm3XSWR2","events":{"withdraw":"Helius"},"provider":"Helius"}
{"timestamp":"2024-12-09T16:53:32.486Z","signature":"3GeAYLdr5r8mLGpuneKTyGBgVxpdGo9nSZCuW6ThLL6UY3ggRQvbbESgj3N9RAT5mUhf1nYNGjHyHumRaxcgCuR5","events":{"add":"Helius"},"provider":"Helius"}
{"timestamp":"2024-12-09T16:58:32.492Z","signature":"5rnhG2TXnzmspacbk2z2Xc2Aaxtu5m2zw9qUK2SCoF9b5mGW48PZLtN5sWz5JyfUFEeEXmJtvmkfzK8cCUe5iE6J","events":{"withdraw":"Quicknode"},"provider":"Quicknode"}
{"timestamp":"2024-12-09T16:58:32.497Z","signature":"3DmrEcvBxFfuMUFbsCkkdcgxd5X9mv9EmEv4CuP6ceMn5RhaiUsWN49PorxHiDhbJ6qSvRdohtzz5nzHYHTvorgH","events":{"withdraw":"Helius"},"provider":"Helius"}
{"timestamp":"2024-12-09T16:58:32.502Z","signature":"2bL5gLiVVcyzKvy69CGBE1PowXaGEoqwTBaWk2aTQZiELW3bha5xD82FwoNMkH1XSxkKjw4rCdsFmCeteuQdsLGE","events":{"withdraw":"Helius"},"provider":"Helius"}
{"timestamp":"2024-12-09T17:03:32.495Z","signature":"SKtD5hWjTWabb442Ebb3iJ5DMVshfnVCUGLU6opYHrN7ixuyFymTggB8fP5H9UDLWZN8emeqcPWXV6AR63nm3oc","events":{"add":"Helius"},"provider":"Helius"}
{"timestamp":"2024-12-09T17:03:32.497Z","signature":"3B912wCishi1aKAsBmkvRxxRbdrscVgqiS1nbSzBvkJHvgu4enAWTDZiKMcrqfL3zrFtPhWgktaxwrLoMqrRe2EG","events":{"add":"Helius"},"provider":"Helius"}
{"timestamp":"2024-12-09T17:03:32.498Z","signature":"4geskmu2oUtVrbLqtqUDVC9M6caQzpVVi986nJVfj2Ug4RyudrdGr41bcjEQVHWdQRBWen6p8ib22PgiTm2hSYHB","events":{"withdraw":"Helius"},"provider":"Helius"}
{"timestamp":"2024-12-09T17:03:32.500Z","signature":"2zZe1yXTbVbJ5Cbs8bRJ5gXEwoYeoxGNPFXEZmkHkSCuT35dRcEfgrHEXhMvFsE36iwi4f4Bix22hmGPJph2Ve1b","events":{"add":"Quicknode"},"provider":"Quicknode"}
{"timestamp":"2024-12-09T17:03:32.502Z","signature":"4x59r1NPdaQBguLhrZE5HmvkLdPZjvKBEiFCvB8Fj2Whp2TnRBXnRQFArhFnyxboPPVKjDt2tMSUZ8yC7PaEkWdb","events":{"withdraw":"Helius"},"provider":"Helius"}
{"timestamp":"2024-12-09T17:03:32.503Z","signature":"4azNxKSZMZQJd1Q7nScRZFBi485wJvJfUafJyCkd1EisMKWZEa4BBLjitqwGGFrr7QuoCtAEds8p7GWy7cLzaypf","events":{"add":"Helius"},"provider":"Helius"}
{"timestamp":"2024-12-09T17:03:32.505Z","signature":"4gCSU453g4yrP6GG3bQyqV8KdRXBm7uXk6ojCPqP8x8cvo9XgtjHSXyLjVUPZqutZHM13VAm1KoLr8spf22Pfgnb","events":{"add":"Helius"},"provider":"Helius"}
